{
  "RSpec": {
    "coverage": {
      "/home/mint/resumenes/app/app.rb": [
        1,
        1,
        1,
        1,
        1,
        1,
        null,
        1,
        null,
        1,
        null,
        1,
        null,
        null,
        null,
        null,
        null,
        null,
        null,
        null,
        null,
        null,
        null,
        null,
        null,
        null,
        null,
        null,
        null,
        null,
        null,
        null,
        null,
        null,
        null,
        null,
        null,
        null,
        null,
        null,
        null,
        null,
        null,
        null,
        null,
        null,
        null,
        null,
        null,
        null,
        null,
        null,
        null,
        null,
        null,
        null,
        null,
        null,
        null,
        null,
        null,
        null,
        null,
        null,
        null,
        null,
        null,
        null
      ],
      "/home/mint/resumenes/app/models/alumno.rb": [
        1,
        1,
        null,
        1,
        1,
        1,
        1,
        1,
        1,
        1,
        null,
        1,
        1,
        1,
        1,
        1,
        1,
        null,
        1,
        10,
        null,
        null,
        1,
        12,
        6,
        5,
        null,
        null,
        null,
        1,
        3,
        3,
        2,
        null,
        null,
        1,
        2,
        null,
        null,
        null,
        1,
        0,
        0,
        null,
        0,
        0,
        0,
        null,
        null,
        0,
        null,
        null,
        null
      ],
      "/home/mint/resumenes/app/models/resumen.rb": [
        1,
        1,
        null,
        1,
        1,
        1,
        1,
        1,
        1,
        1,
        null,
        1,
        1,
        null,
        1,
        null,
        1,
        0,
        null,
        null,
        1,
        0,
        null,
        null,
        1,
        0,
        null,
        null,
        1,
        0,
        0,
        0,
        null,
        null,
        null,
        null
      ],
      "/home/mint/resumenes/app/controllers/alumnos.rb": [
        1,
        null,
        null,
        null,
        null,
        null,
        null,
        null,
        null,
        null,
        null,
        null,
        null,
        null,
        null,
        null,
        null,
        null,
        null,
        null,
        null,
        1,
        2,
        2,
        null,
        null,
        1,
        0,
        0,
        null,
        null,
        1,
        0,
        0,
        0,
        0,
        0,
        0,
        0,
        0,
        0,
        0,
        null,
        0,
        0,
        null,
        null,
        0,
        0,
        0,
        null,
        null,
        null,
        null
      ],
      "/home/mint/resumenes/app/controllers/inicio.rb": [
        1,
        null,
        1,
        1,
        null,
        null,
        null
      ],
      "/home/mint/resumenes/app/controllers/resumenes.rb": [
        1,
        null,
        null,
        1,
        0,
        0,
        null,
        null,
        null,
        1,
        0,
        0,
        null,
        null,
        1,
        0,
        0,
        0,
        null,
        null,
        1,
        1,
        1,
        null,
        null,
        1,
        0,
        0,
        0,
        0,
        0,
        0,
        0,
        0,
        null,
        0,
        0,
        null,
        null,
        null,
        null
      ],
      "/home/mint/resumenes/app/controllers/sesiones.rb": [
        1,
        null,
        1,
        2,
        2,
        null,
        null,
        1,
        0,
        0,
        0,
        0,
        0,
        0,
        0,
        null,
        0,
        0,
        null,
        null,
        null,
        1,
        0,
        0,
        null,
        null,
        null
      ],
      "/home/mint/resumenes/app/helpers/alumno_helper.rb": [
        null,
        null,
        1,
        null,
        null,
        null,
        null
      ],
      "/home/mint/resumenes/app/helpers/inicio_helper.rb": [
        null,
        null,
        1,
        null,
        null,
        null,
        null
      ],
      "/home/mint/resumenes/app/helpers/resumen_helper.rb": [
        null,
        null,
        1,
        null,
        null,
        null,
        null
      ],
      "/home/mint/resumenes/app/helpers/sesiones_helper.rb": [
        1,
        null,
        1,
        0,
        null,
        null,
        1,
        3,
        null,
        null,
        1,
        0,
        0,
        null,
        null,
        1,
        0,
        null,
        null,
        1,
        3,
        null,
        null,
        null
      ],
      "/home/mint/resumenes/app/mailers/notificacion.rb": [
        1,
        null,
        1,
        0,
        0,
        0,
        0,
        0,
        0,
        null,
        null,
        null
      ]
    },
    "timestamp": 1385764389
  },
  "Cucumber Features": {
    "coverage": {
      "/home/mint/resumenes/app/controllers/alumnos.rb": [
        1,
        null,
        null,
        null,
        null,
        null,
        null,
        null,
        null,
        null,
        null,
        null,
        null,
        null,
        null,
        null,
        null,
        null,
        null,
        null,
        null,
        1,
        1,
        1,
        null,
        null,
        1,
        1,
        1,
        null,
        null,
        1,
        1,
        7,
        1,
        6,
        1,
        0,
        0,
        0,
        0,
        0,
        null,
        0,
        0,
        null,
        null,
        1,
        1,
        1,
        null,
        null,
        null,
        null
      ],
      "/home/mint/resumenes/app/controllers/inicio.rb": [
        1,
        null,
        1,
        7,
        null,
        null,
        null
      ],
      "/home/mint/resumenes/app/controllers/resumenes.rb": [
        1,
        null,
        null,
        1,
        0,
        0,
        null,
        null,
        null,
        1,
        1,
        1,
        null,
        null,
        1,
        3,
        3,
        3,
        null,
        null,
        1,
        0,
        0,
        null,
        null,
        1,
        3,
        3,
        3,
        3,
        3,
        3,
        3,
        3,
        null,
        0,
        0,
        null,
        null,
        null,
        null
      ],
      "/home/mint/resumenes/app/controllers/sesiones.rb": [
        1,
        null,
        1,
        5,
        5,
        null,
        null,
        1,
        5,
        5,
        5,
        5,
        1,
        1,
        1,
        null,
        4,
        4,
        null,
        null,
        null,
        1,
        0,
        0,
        null,
        null,
        null
      ],
      "/home/mint/resumenes/app/helpers/alumno_helper.rb": [
        null,
        null,
        1,
        null,
        null,
        null,
        null
      ],
      "/home/mint/resumenes/app/helpers/inicio_helper.rb": [
        null,
        null,
        1,
        null,
        null,
        null,
        null
      ],
      "/home/mint/resumenes/app/helpers/resumen_helper.rb": [
        null,
        null,
        1,
        null,
        null,
        null,
        null
      ],
      "/home/mint/resumenes/app/helpers/sesiones_helper.rb": [
        1,
        null,
        1,
        4,
        null,
        null,
        1,
        83,
        null,
        null,
        1,
        4,
        4,
        null,
        null,
        1,
        0,
        null,
        null,
        1,
        60,
        null,
        null,
        null
      ],
      "/home/mint/resumenes/app/mailers/notificacion.rb": [
        1,
        null,
        1,
        3,
        3,
        3,
        3,
        3,
        3,
        null,
        null,
        null
      ]
    },
    "timestamp": 1385766476
  }
}
